<?xml version="1.0" encoding="UTF-8"?>
<!-- Generated by org.testng.reporters.JUnitXMLReporter -->
<testsuite ignored="18" hostname="TRVL1T3D7G3" failures="1" tests="1" name="Test" time="54.745" errors="0" timestamp="2022-04-04T08:18:22 IST">
  <testcase classname="bible.ReportTest" name="TC_20deductionhistoryreport" time="47.021">
    <failure type="org.openqa.selenium.NoSuchElementException" message="no such element: Unable to locate element: {&amp;quot;method&amp;quot;:&amp;quot;xpath&amp;quot;,&amp;quot;selector&amp;quot;:&amp;quot;/html/body/header/div[3]/div/div/div[1]/h11&amp;quot;}
  (Session info: chrome=100.0.4896.60)
For documentation on this error, please visit: https://selenium.dev/exceptions/#no_such_element
Build info: version: &amp;apos;4.1.2&amp;apos;, revision: &amp;apos;9a5a329c5a&amp;apos;
System info: host: &amp;apos;TRVL1T3D7G3&amp;apos;, ip: &amp;apos;192.168.1.7&amp;apos;, os.name: &amp;apos;Windows 10&amp;apos;, os.arch: &amp;apos;amd64&amp;apos;, os.version: &amp;apos;10.0&amp;apos;, java.version: &amp;apos;17.0.2&amp;apos;
Driver info: org.openqa.selenium.chrome.ChromeDriver
Command: [c498c3fc0868ff651d8262eb3bac7aff, findElement {using=xpath, value=/html/body/header/div[3]/div/div/div[1]/h11}]
Capabilities {acceptInsecureCerts: false, browserName: chrome, browserVersion: 100.0.4896.60, chrome: {chromedriverVersion: 100.0.4896.60 (6a5d10861ce8..., userDataDir: C:\Users\JITHA~1.NAI\AppDat...}, goog:chromeOptions: {debuggerAddress: localhost:56966}, javascriptEnabled: true, networkConnectionEnabled: false, pageLoadStrategy: normal, platform: WINDOWS, platformName: WINDOWS, proxy: Proxy(), se:cdp: ws://localhost:56966/devtoo..., se:cdpVersion: 100.0.4896.60, setWindowRect: true, strictFileInteractability: false, timeouts: {implicit: 0, pageLoad: 300000, script: 30000}, unhandledPromptBehavior: dismiss and notify, webauthn:extension:credBlob: true, webauthn:extension:largeBlob: true, webauthn:virtualAuthenticators: true}
Session ID: c498c3fc0868ff651d8262eb3bac7aff">
      <![CDATA[org.openqa.selenium.NoSuchElementException: no such element: Unable to locate element: {"method":"xpath","selector":"/html/body/header/div[3]/div/div/div[1]/h11"}
  (Session info: chrome=100.0.4896.60)
For documentation on this error, please visit: https://selenium.dev/exceptions/#no_such_element
Build info: version: '4.1.2', revision: '9a5a329c5a'
System info: host: 'TRVL1T3D7G3', ip: '192.168.1.7', os.name: 'Windows 10', os.arch: 'amd64', os.version: '10.0', java.version: '17.0.2'
Driver info: org.openqa.selenium.chrome.ChromeDriver
Command: [c498c3fc0868ff651d8262eb3bac7aff, findElement {using=xpath, value=/html/body/header/div[3]/div/div/div[1]/h11}]
Capabilities {acceptInsecureCerts: false, browserName: chrome, browserVersion: 100.0.4896.60, chrome: {chromedriverVersion: 100.0.4896.60 (6a5d10861ce8..., userDataDir: C:\Users\JITHA~1.NAI\AppDat...}, goog:chromeOptions: {debuggerAddress: localhost:56966}, javascriptEnabled: true, networkConnectionEnabled: false, pageLoadStrategy: normal, platform: WINDOWS, platformName: WINDOWS, proxy: Proxy(), se:cdp: ws://localhost:56966/devtoo..., se:cdpVersion: 100.0.4896.60, setWindowRect: true, strictFileInteractability: false, timeouts: {implicit: 0, pageLoad: 300000, script: 30000}, unhandledPromptBehavior: dismiss and notify, webauthn:extension:credBlob: true, webauthn:extension:largeBlob: true, webauthn:virtualAuthenticators: true}
Session ID: c498c3fc0868ff651d8262eb3bac7aff
at org.openqa.selenium.remote.codec.w3c.W3CHttpResponseCodec.createException(W3CHttpResponseCodec.java:200)
at org.openqa.selenium.remote.codec.w3c.W3CHttpResponseCodec.decode(W3CHttpResponseCodec.java:133)
at org.openqa.selenium.remote.codec.w3c.W3CHttpResponseCodec.decode(W3CHttpResponseCodec.java:53)
at org.openqa.selenium.remote.HttpCommandExecutor.execute(HttpCommandExecutor.java:184)
at org.openqa.selenium.remote.service.DriverCommandExecutor.invokeExecute(DriverCommandExecutor.java:167)
at org.openqa.selenium.remote.service.DriverCommandExecutor.execute(DriverCommandExecutor.java:142)
at org.openqa.selenium.remote.RemoteWebDriver.execute(RemoteWebDriver.java:558)
at org.openqa.selenium.remote.ElementLocation$ElementFinder$2.findElement(ElementLocation.java:162)
at org.openqa.selenium.remote.ElementLocation.findElement(ElementLocation.java:60)
at org.openqa.selenium.remote.RemoteWebDriver.findElement(RemoteWebDriver.java:382)
at org.openqa.selenium.remote.RemoteWebDriver.findElement(RemoteWebDriver.java:374)
at org.openqa.selenium.support.pagefactory.DefaultElementLocator.findElement(DefaultElementLocator.java:70)
at org.openqa.selenium.support.pagefactory.internal.LocatingElementHandler.invoke(LocatingElementHandler.java:39)
at jdk.proxy2/jdk.proxy2.$Proxy17.getText(Unknown Source)
at bible.ReportTest.TC_20deductionhistoryreport(ReportTest.java:17)
at java.base/java.util.ArrayList.forEach(ArrayList.java:1511)
... Removed 32 stack frames]]>
    </failure>
  </testcase> <!-- TC_20deductionhistoryreport -->
  <testcase classname="bible.PayslipCreateTest" name="TC_19payslipscreate" time="0.0">
    <ignored/>
  </testcase> <!-- TC_19payslipscreate -->
  <testcase classname="bible.InvoiceverifyTest" name="TC_18invoiceverify" time="0.0">
    <ignored/>
  </testcase> <!-- TC_18invoiceverify -->
  <testcase classname="bible.ClientTest" name="TC_04searchclientname" time="0.0">
    <ignored/>
  </testcase> <!-- TC_04searchclientname -->
  <testcase classname="bible.TimesheetTest" name="TC_21generateslip" time="0.0">
    <ignored/>
  </testcase> <!-- TC_21generateslip -->
  <testcase classname="bible.ClientTest" name="TC_06verifysearchclientnameidoption" time="0.0">
    <ignored/>
  </testcase> <!-- TC_06verifysearchclientnameidoption -->
  <testcase classname="bible.ClientTest" name="TC_07clientsearchviewoption" time="0.0">
    <ignored/>
  </testcase> <!-- TC_07clientsearchviewoption -->
  <testcase classname="bible.ClientTest" name="TC_08clientsearcheditoption" time="0.0">
    <ignored/>
  </testcase> <!-- TC_08clientsearcheditoption -->
  <testcase classname="bible.TimesheetTest" name="TC_24createTimesheet" time="0.0">
    <ignored/>
  </testcase> <!-- TC_24createTimesheet -->
  <testcase classname="bible.LoginTest" name="TC_01verifyuserloginwithvalidcredentials" time="0.0">
    <ignored/>
  </testcase> <!-- TC_01verifyuserloginwithvalidcredentials -->
  <testcase classname="bible.DeductionTest" name="TC_17adddeduction" time="0.0">
    <ignored/>
  </testcase> <!-- TC_17adddeduction -->
  <testcase classname="bible.ClientTest" name="TC_05searchclientid" time="0.0">
    <ignored/>
  </testcase> <!-- TC_05searchclientid -->
  <testcase classname="bible.TimesheetTest" name="TC_22generateinvoice" time="0.0">
    <ignored/>
  </testcase> <!-- TC_22generateinvoice -->
  <testcase classname="bible.ClientTest" name="TC_09clientresetnameidsearch" time="0.0">
    <ignored/>
  </testcase> <!-- TC_09clientresetnameidsearch -->
  <testcase classname="bible.LoginTest" name="TC_02verifyuserloginwithinvalidcredentials" time="0.0">
    <ignored/>
  </testcase> <!-- TC_02verifyuserloginwithinvalidcredentials -->
  <testcase classname="bible.ClientTest" name="TC_03clientcreate" time="0.0">
    <ignored/>
  </testcase> <!-- TC_03clientcreate -->
  <testcase classname="bible.TimesheetTest" name="TC_23Approvetimesheet" time="0.0">
    <ignored/>
  </testcase> <!-- TC_23Approvetimesheet -->
  <testcase classname="bible.WorkerTest" name="TC_28resetwithallfilter" time="0.0">
    <ignored/>
  </testcase> <!-- TC_28resetwithallfilter -->
  <testcase classname="bible.HomeTest" name="TC_11homepagevisible" time="0.0">
    <ignored/>
  </testcase> <!-- TC_11homepagevisible -->
</testsuite> <!-- Test -->
